Started GET "/" for 127.0.0.1 at 2020-11-23 19:31:03 -0500
  [1m[35m (29.4ms)[0m  [1m[34mSELECT "schema_migrations"."version" FROM "schema_migrations" ORDER BY "schema_migrations"."version" ASC[0m
  
ActiveRecord::PendingMigrationError (

Migrations are pending. To resolve this issue, run:

        rails db:migrate RAILS_ENV=development

):
  
activerecord (6.0.3.4) lib/active_record/migration.rb:586:in `check_pending!'
activerecord (6.0.3.4) lib/active_record/migration.rb:564:in `call'
actionpack (6.0.3.4) lib/action_dispatch/middleware/callbacks.rb:27:in `block in call'
activesupport (6.0.3.4) lib/active_support/callbacks.rb:101:in `run_callbacks'
actionpack (6.0.3.4) lib/action_dispatch/middleware/callbacks.rb:26:in `call'
actionpack (6.0.3.4) lib/action_dispatch/middleware/executor.rb:14:in `call'
actionpack (6.0.3.4) lib/action_dispatch/middleware/actionable_exceptions.rb:18:in `call'
actionpack (6.0.3.4) lib/action_dispatch/middleware/debug_exceptions.rb:32:in `call'
actionpack (6.0.3.4) lib/action_dispatch/middleware/show_exceptions.rb:33:in `call'
railties (6.0.3.4) lib/rails/rack/logger.rb:37:in `call_app'
railties (6.0.3.4) lib/rails/rack/logger.rb:26:in `block in call'
activesupport (6.0.3.4) lib/active_support/tagged_logging.rb:80:in `block in tagged'
activesupport (6.0.3.4) lib/active_support/tagged_logging.rb:28:in `tagged'
activesupport (6.0.3.4) lib/active_support/tagged_logging.rb:80:in `tagged'
railties (6.0.3.4) lib/rails/rack/logger.rb:26:in `call'
actionpack (6.0.3.4) lib/action_dispatch/middleware/remote_ip.rb:81:in `call'
actionpack (6.0.3.4) lib/action_dispatch/middleware/request_id.rb:27:in `call'
rack (2.2.3) lib/rack/runtime.rb:22:in `call'
activesupport (6.0.3.4) lib/active_support/cache/strategy/local_cache_middleware.rb:29:in `call'
actionpack (6.0.3.4) lib/action_dispatch/middleware/executor.rb:14:in `call'
actionpack (6.0.3.4) lib/action_dispatch/middleware/static.rb:126:in `call'
rack (2.2.3) lib/rack/sendfile.rb:110:in `call'
actionpack (6.0.3.4) lib/action_dispatch/middleware/host_authorization.rb:82:in `call'
railties (6.0.3.4) lib/rails/engine.rb:527:in `call'
puma (4.3.6) lib/puma/configuration.rb:228:in `call'
puma (4.3.6) lib/puma/server.rb:713:in `handle_request'
puma (4.3.6) lib/puma/server.rb:472:in `process_client'
puma (4.3.6) lib/puma/server.rb:328:in `block in run'
puma (4.3.6) lib/puma/thread_pool.rb:134:in `block in spawn_thread'
Started GET "/favicon.ico" for 127.0.0.1 at 2020-11-23 19:31:04 -0500
  [1m[35m (27.6ms)[0m  [1m[34mSELECT "schema_migrations"."version" FROM "schema_migrations" ORDER BY "schema_migrations"."version" ASC[0m
  
ActiveRecord::PendingMigrationError (

Migrations are pending. To resolve this issue, run:

        rails db:migrate RAILS_ENV=development

):
  
activerecord (6.0.3.4) lib/active_record/migration.rb:586:in `check_pending!'
activerecord (6.0.3.4) lib/active_record/migration.rb:564:in `call'
actionpack (6.0.3.4) lib/action_dispatch/middleware/callbacks.rb:27:in `block in call'
activesupport (6.0.3.4) lib/active_support/callbacks.rb:101:in `run_callbacks'
actionpack (6.0.3.4) lib/action_dispatch/middleware/callbacks.rb:26:in `call'
actionpack (6.0.3.4) lib/action_dispatch/middleware/executor.rb:14:in `call'
actionpack (6.0.3.4) lib/action_dispatch/middleware/actionable_exceptions.rb:18:in `call'
actionpack (6.0.3.4) lib/action_dispatch/middleware/debug_exceptions.rb:32:in `call'
actionpack (6.0.3.4) lib/action_dispatch/middleware/show_exceptions.rb:33:in `call'
railties (6.0.3.4) lib/rails/rack/logger.rb:37:in `call_app'
railties (6.0.3.4) lib/rails/rack/logger.rb:26:in `block in call'
activesupport (6.0.3.4) lib/active_support/tagged_logging.rb:80:in `block in tagged'
activesupport (6.0.3.4) lib/active_support/tagged_logging.rb:28:in `tagged'
activesupport (6.0.3.4) lib/active_support/tagged_logging.rb:80:in `tagged'
railties (6.0.3.4) lib/rails/rack/logger.rb:26:in `call'
actionpack (6.0.3.4) lib/action_dispatch/middleware/remote_ip.rb:81:in `call'
actionpack (6.0.3.4) lib/action_dispatch/middleware/request_id.rb:27:in `call'
rack (2.2.3) lib/rack/runtime.rb:22:in `call'
activesupport (6.0.3.4) lib/active_support/cache/strategy/local_cache_middleware.rb:29:in `call'
actionpack (6.0.3.4) lib/action_dispatch/middleware/executor.rb:14:in `call'
actionpack (6.0.3.4) lib/action_dispatch/middleware/static.rb:126:in `call'
rack (2.2.3) lib/rack/sendfile.rb:110:in `call'
actionpack (6.0.3.4) lib/action_dispatch/middleware/host_authorization.rb:82:in `call'
railties (6.0.3.4) lib/rails/engine.rb:527:in `call'
puma (4.3.6) lib/puma/configuration.rb:228:in `call'
puma (4.3.6) lib/puma/server.rb:713:in `handle_request'
puma (4.3.6) lib/puma/server.rb:472:in `process_client'
puma (4.3.6) lib/puma/server.rb:328:in `block in run'
puma (4.3.6) lib/puma/thread_pool.rb:134:in `block in spawn_thread'
  [1m[35m (1.4ms)[0m  [1m[34mSELECT "schema_migrations"."version" FROM "schema_migrations" ORDER BY "schema_migrations"."version" ASC[0m
  [1m[35m (1.1ms)[0m  [1m[34mSELECT "ar_internal_metadata"."value" FROM "ar_internal_metadata" WHERE "ar_internal_metadata"."key" = $1[0m  [["key", "environment"]]
  [1m[35m (0.4ms)[0m  [1m[34mSELECT "schema_migrations"."version" FROM "schema_migrations" ORDER BY "schema_migrations"."version" ASC[0m
  [1m[35m (0.3ms)[0m  [1m[34mSELECT "ar_internal_metadata"."value" FROM "ar_internal_metadata" WHERE "ar_internal_metadata"."key" = $1[0m  [["key", "environment"]]
  [1m[35m (0.4ms)[0m  [1m[34mSELECT "schema_migrations"."version" FROM "schema_migrations" ORDER BY "schema_migrations"."version" ASC[0m
  [1m[35m (0.3ms)[0m  [1m[34mSELECT "ar_internal_metadata"."value" FROM "ar_internal_metadata" WHERE "ar_internal_metadata"."key" = $1[0m  [["key", "environment"]]
  [1m[35m (347.6ms)[0m  [1m[35mDROP DATABASE IF EXISTS "cat_colonies_development"[0m
  [1m[35m (254.0ms)[0m  [1m[35mDROP DATABASE IF EXISTS "cat_colonies_test"[0m
  [1m[35m (944.2ms)[0m  [1m[35mCREATE DATABASE "cat_colonies_development" ENCODING = 'unicode'[0m
  [1m[35m (649.0ms)[0m  [1m[35mCREATE DATABASE "cat_colonies_test" ENCODING = 'unicode'[0m
  [1m[35mSQL (1.1ms)[0m  [1m[35mCREATE EXTENSION IF NOT EXISTS "plpgsql"[0m
  [1m[35m (0.3ms)[0m  [1m[35mDROP TABLE IF EXISTS "cats" CASCADE[0m
  [1m[35m (47.0ms)[0m  [1m[35mCREATE TABLE "cats" ("id" bigserial primary key, "name" character varying, "breed" character varying, "age" integer, "created_at" timestamp(6) NOT NULL, "updated_at" timestamp(6) NOT NULL)[0m
  [1m[35m (0.5ms)[0m  [1m[35mDROP TABLE IF EXISTS "cats_colonies" CASCADE[0m
  [1m[35m (1.7ms)[0m  [1m[35mCREATE TABLE "cats_colonies" ("cat_id" bigint NOT NULL, "colony_id" bigint NOT NULL)[0m
  [1m[35m (0.4ms)[0m  [1m[35mDROP TABLE IF EXISTS "colonies" CASCADE[0m
  [1m[35m (34.3ms)[0m  [1m[35mCREATE TABLE "colonies" ("id" bigserial primary key, "name" character varying, "borough" character varying, "created_at" timestamp(6) NOT NULL, "updated_at" timestamp(6) NOT NULL)[0m
  [1m[35m (6.4ms)[0m  [1m[35mCREATE TABLE "schema_migrations" ("version" character varying NOT NULL PRIMARY KEY)[0m
  [1m[35m (1.5ms)[0m  [1m[34mSELECT "schema_migrations"."version" FROM "schema_migrations" ORDER BY "schema_migrations"."version" ASC[0m
  [1m[35m (24.1ms)[0m  [1m[32mINSERT INTO "schema_migrations" (version) VALUES (20201123223853)[0m
  [1m[35m (0.6ms)[0m  [1m[32mINSERT INTO "schema_migrations" (version) VALUES
(20201123223218),
(20201123223230);

[0m
  [1m[35m (5.3ms)[0m  [1m[35mCREATE TABLE "ar_internal_metadata" ("key" character varying NOT NULL PRIMARY KEY, "value" character varying, "created_at" timestamp(6) NOT NULL, "updated_at" timestamp(6) NOT NULL)[0m
  [1m[36mActiveRecord::InternalMetadata Load (1.5ms)[0m  [1m[34mSELECT "ar_internal_metadata".* FROM "ar_internal_metadata" WHERE "ar_internal_metadata"."key" = $1 LIMIT $2[0m  [["key", "environment"], ["LIMIT", 1]]
  [1m[35m (23.1ms)[0m  [1m[35mBEGIN[0m
  [1m[36mActiveRecord::InternalMetadata Create (0.6ms)[0m  [1m[32mINSERT INTO "ar_internal_metadata" ("key", "value", "created_at", "updated_at") VALUES ($1, $2, $3, $4) RETURNING "key"[0m  [["key", "environment"], ["value", "development"], ["created_at", "2020-11-24 00:31:22.003308"], ["updated_at", "2020-11-24 00:31:22.003308"]]
  [1m[35m (0.4ms)[0m  [1m[35mCOMMIT[0m
  [1m[36mActiveRecord::InternalMetadata Load (0.3ms)[0m  [1m[34mSELECT "ar_internal_metadata".* FROM "ar_internal_metadata" WHERE "ar_internal_metadata"."key" = $1 LIMIT $2[0m  [["key", "environment"], ["LIMIT", 1]]
  [1m[36mActiveRecord::InternalMetadata Load (0.4ms)[0m  [1m[34mSELECT "ar_internal_metadata".* FROM "ar_internal_metadata" WHERE "ar_internal_metadata"."key" = $1 LIMIT $2[0m  [["key", "schema_sha1"], ["LIMIT", 1]]
  [1m[35m (0.4ms)[0m  [1m[35mBEGIN[0m
  [1m[36mActiveRecord::InternalMetadata Create (20.3ms)[0m  [1m[32mINSERT INTO "ar_internal_metadata" ("key", "value", "created_at", "updated_at") VALUES ($1, $2, $3, $4) RETURNING "key"[0m  [["key", "schema_sha1"], ["value", "0737d0e2af0e5925715da7c7f4853bfc3db0a634"], ["created_at", "2020-11-24 00:31:22.043608"], ["updated_at", "2020-11-24 00:31:22.043608"]]
  [1m[35m (0.5ms)[0m  [1m[35mCOMMIT[0m
  [1m[35mSQL (1.1ms)[0m  [1m[35mCREATE EXTENSION IF NOT EXISTS "plpgsql"[0m
  [1m[35m (0.3ms)[0m  [1m[35mDROP TABLE IF EXISTS "cats" CASCADE[0m
  [1m[35m (45.1ms)[0m  [1m[35mCREATE TABLE "cats" ("id" bigserial primary key, "name" character varying, "breed" character varying, "age" integer, "created_at" timestamp(6) NOT NULL, "updated_at" timestamp(6) NOT NULL)[0m
  [1m[35m (0.4ms)[0m  [1m[35mDROP TABLE IF EXISTS "cats_colonies" CASCADE[0m
  [1m[35m (2.0ms)[0m  [1m[35mCREATE TABLE "cats_colonies" ("cat_id" bigint NOT NULL, "colony_id" bigint NOT NULL)[0m
  [1m[35m (0.2ms)[0m  [1m[35mDROP TABLE IF EXISTS "colonies" CASCADE[0m
  [1m[35m (7.4ms)[0m  [1m[35mCREATE TABLE "colonies" ("id" bigserial primary key, "name" character varying, "borough" character varying, "created_at" timestamp(6) NOT NULL, "updated_at" timestamp(6) NOT NULL)[0m
  [1m[35m (31.4ms)[0m  [1m[35mCREATE TABLE "schema_migrations" ("version" character varying NOT NULL PRIMARY KEY)[0m
  [1m[35m (2.0ms)[0m  [1m[34mSELECT "schema_migrations"."version" FROM "schema_migrations" ORDER BY "schema_migrations"."version" ASC[0m
  [1m[35m (1.0ms)[0m  [1m[32mINSERT INTO "schema_migrations" (version) VALUES (20201123223853)[0m
  [1m[35m (0.6ms)[0m  [1m[32mINSERT INTO "schema_migrations" (version) VALUES
(20201123223218),
(20201123223230);

[0m
  [1m[35m (31.5ms)[0m  [1m[35mCREATE TABLE "ar_internal_metadata" ("key" character varying NOT NULL PRIMARY KEY, "value" character varying, "created_at" timestamp(6) NOT NULL, "updated_at" timestamp(6) NOT NULL)[0m
  [1m[36mActiveRecord::InternalMetadata Load (0.8ms)[0m  [1m[34mSELECT "ar_internal_metadata".* FROM "ar_internal_metadata" WHERE "ar_internal_metadata"."key" = $1 LIMIT $2[0m  [["key", "environment"], ["LIMIT", 1]]
  [1m[35m (0.2ms)[0m  [1m[35mBEGIN[0m
  [1m[36mActiveRecord::InternalMetadata Create (0.8ms)[0m  [1m[32mINSERT INTO "ar_internal_metadata" ("key", "value", "created_at", "updated_at") VALUES ($1, $2, $3, $4) RETURNING "key"[0m  [["key", "environment"], ["value", "development"], ["created_at", "2020-11-24 00:31:22.338715"], ["updated_at", "2020-11-24 00:31:22.338715"]]
  [1m[35m (0.6ms)[0m  [1m[35mCOMMIT[0m
  [1m[36mActiveRecord::InternalMetadata Load (0.4ms)[0m  [1m[34mSELECT "ar_internal_metadata".* FROM "ar_internal_metadata" WHERE "ar_internal_metadata"."key" = $1 LIMIT $2[0m  [["key", "environment"], ["LIMIT", 1]]
  [1m[35m (23.6ms)[0m  [1m[35mBEGIN[0m
  [1m[36mActiveRecord::InternalMetadata Update (0.4ms)[0m  [1m[33mUPDATE "ar_internal_metadata" SET "value" = $1, "updated_at" = $2 WHERE "ar_internal_metadata"."key" = $3[0m  [["value", "test"], ["updated_at", "2020-11-24 00:31:22.352708"], ["key", "environment"]]
  [1m[35m (0.5ms)[0m  [1m[35mCOMMIT[0m
  [1m[36mActiveRecord::InternalMetadata Load (0.4ms)[0m  [1m[34mSELECT "ar_internal_metadata".* FROM "ar_internal_metadata" WHERE "ar_internal_metadata"."key" = $1 LIMIT $2[0m  [["key", "schema_sha1"], ["LIMIT", 1]]
  [1m[35m (0.2ms)[0m  [1m[35mBEGIN[0m
  [1m[36mActiveRecord::InternalMetadata Create (0.4ms)[0m  [1m[32mINSERT INTO "ar_internal_metadata" ("key", "value", "created_at", "updated_at") VALUES ($1, $2, $3, $4) RETURNING "key"[0m  [["key", "schema_sha1"], ["value", "0737d0e2af0e5925715da7c7f4853bfc3db0a634"], ["created_at", "2020-11-24 00:31:22.387955"], ["updated_at", "2020-11-24 00:31:22.387955"]]
  [1m[35m (0.6ms)[0m  [1m[35mCOMMIT[0m
  [1m[35m (2.7ms)[0m  [1m[34mSELECT "schema_migrations"."version" FROM "schema_migrations" ORDER BY "schema_migrations"."version" ASC[0m
  [1m[35m (0.2ms)[0m  [1m[35mBEGIN[0m
  [1m[36mCat Create (27.4ms)[0m  [1m[32mINSERT INTO "cats" ("name", "breed", "age", "created_at", "updated_at") VALUES ($1, $2, $3, $4, $5) RETURNING "id"[0m  [["name", "Alfie"], ["breed", "Tabby"], ["age", 3], ["created_at", "2020-11-24 00:31:22.646665"], ["updated_at", "2020-11-24 00:31:22.646665"]]
  [1m[35m (1.4ms)[0m  [1m[35mCOMMIT[0m
  [1m[35m (0.2ms)[0m  [1m[35mBEGIN[0m
  [1m[36mColony Create (1.6ms)[0m  [1m[32mINSERT INTO "colonies" ("name", "borough", "created_at", "updated_at") VALUES ($1, $2, $3, $4) RETURNING "id"[0m  [["name", "Greenpoint kitty kastle"], ["borough", "Brooklyn"], ["created_at", "2020-11-24 00:31:22.738854"], ["updated_at", "2020-11-24 00:31:22.738854"]]
  [1m[35m (1.5ms)[0m  [1m[35mCOMMIT[0m
  [1m[35m (17.7ms)[0m  [1m[35mBEGIN[0m
  [1m[36mColony::HABTM_Cats Create (23.1ms)[0m  [1m[32mINSERT INTO "cats_colonies" ("cat_id", "colony_id") VALUES ($1, $2)[0m  [["cat_id", 1], ["colony_id", 1]]
  [1m[35m (1.5ms)[0m  [1m[35mCOMMIT[0m
  [1m[35m (0.2ms)[0m  [1m[35mBEGIN[0m
  [1m[36mCat Create (0.5ms)[0m  [1m[32mINSERT INTO "cats" ("name", "breed", "age", "created_at", "updated_at") VALUES ($1, $2, $3, $4, $5) RETURNING "id"[0m  [["name", "Stan"], ["breed", "Tiger"], ["age", 49], ["created_at", "2020-11-24 00:31:22.885022"], ["updated_at", "2020-11-24 00:31:22.885022"]]
  [1m[35m (0.6ms)[0m  [1m[35mCOMMIT[0m
  [1m[35m (0.2ms)[0m  [1m[35mBEGIN[0m
  [1m[36mColony Create (24.6ms)[0m  [1m[32mINSERT INTO "colonies" ("name", "borough", "created_at", "updated_at") VALUES ($1, $2, $3, $4) RETURNING "id"[0m  [["name", "The Cat Hole"], ["borough", "Manhattan"], ["created_at", "2020-11-24 00:31:22.892824"], ["updated_at", "2020-11-24 00:31:22.892824"]]
  [1m[35m (0.4ms)[0m  [1m[35mCOMMIT[0m
  [1m[35m (0.2ms)[0m  [1m[35mBEGIN[0m
  [1m[36mColony::HABTM_Cats Create (0.3ms)[0m  [1m[32mINSERT INTO "cats_colonies" ("cat_id", "colony_id") VALUES ($1, $2)[0m  [["cat_id", 2], ["colony_id", 2]]
  [1m[35m (0.5ms)[0m  [1m[35mCOMMIT[0m
  [1m[35m (0.2ms)[0m  [1m[35mBEGIN[0m
  [1m[36mCat Create (0.6ms)[0m  [1m[32mINSERT INTO "cats" ("name", "breed", "age", "created_at", "updated_at") VALUES ($1, $2, $3, $4, $5) RETURNING "id"[0m  [["name", "Thunderhawk"], ["breed", "Funky Cat"], ["age", 204], ["created_at", "2020-11-24 00:31:22.941996"], ["updated_at", "2020-11-24 00:31:22.941996"]]
  [1m[35m (0.6ms)[0m  [1m[35mCOMMIT[0m
  [1m[35m (24.7ms)[0m  [1m[35mBEGIN[0m
  [1m[36mColony Create (0.5ms)[0m  [1m[32mINSERT INTO "colonies" ("name", "borough", "created_at", "updated_at") VALUES ($1, $2, $3, $4) RETURNING "id"[0m  [["name", "Actual hell"], ["borough", "Manhattan"], ["created_at", "2020-11-24 00:31:22.951775"], ["updated_at", "2020-11-24 00:31:22.951775"]]
  [1m[35m (0.4ms)[0m  [1m[35mCOMMIT[0m
  [1m[35m (0.2ms)[0m  [1m[35mBEGIN[0m
  [1m[36mColony::HABTM_Cats Create (0.3ms)[0m  [1m[32mINSERT INTO "cats_colonies" ("cat_id", "colony_id") VALUES ($1, $2)[0m  [["cat_id", 3], ["colony_id", 3]]
  [1m[35m (0.5ms)[0m  [1m[35mCOMMIT[0m
  [1m[35m (0.2ms)[0m  [1m[35mBEGIN[0m
  [1m[36mCat Create (0.6ms)[0m  [1m[32mINSERT INTO "cats" ("name", "breed", "age", "created_at", "updated_at") VALUES ($1, $2, $3, $4, $5) RETURNING "id"[0m  [["name", "Dean"], ["breed", "Cool guy"], ["age", 7], ["created_at", "2020-11-24 00:31:22.990912"], ["updated_at", "2020-11-24 00:31:22.990912"]]
  [1m[35m (0.6ms)[0m  [1m[35mCOMMIT[0m
  [1m[35m (24.7ms)[0m  [1m[35mBEGIN[0m
  [1m[36mColony Create (0.5ms)[0m  [1m[32mINSERT INTO "colonies" ("name", "borough", "created_at", "updated_at") VALUES ($1, $2, $3, $4) RETURNING "id"[0m  [["name", "The Grid Iron"], ["borough", "Manhattan"], ["created_at", "2020-11-24 00:31:23.002017"], ["updated_at", "2020-11-24 00:31:23.002017"]]
  [1m[35m (0.6ms)[0m  [1m[35mCOMMIT[0m
  [1m[35m (0.2ms)[0m  [1m[35mBEGIN[0m
  [1m[36mColony::HABTM_Cats Create (0.5ms)[0m  [1m[32mINSERT INTO "cats_colonies" ("cat_id", "colony_id") VALUES ($1, $2)[0m  [["cat_id", 4], ["colony_id", 4]]
  [1m[35m (0.7ms)[0m  [1m[35mCOMMIT[0m
  [1m[35m (0.7ms)[0m  [1m[35mBEGIN[0m
  [1m[36mCat Create (0.8ms)[0m  [1m[32mINSERT INTO "cats" ("name", "breed", "age", "created_at", "updated_at") VALUES ($1, $2, $3, $4, $5) RETURNING "id"[0m  [["name", "Hurricane"], ["breed", "buncha rats in a costume"], ["age", 40], ["created_at", "2020-11-24 00:31:23.046820"], ["updated_at", "2020-11-24 00:31:23.046820"]]
  [1m[35m (24.4ms)[0m  [1m[35mCOMMIT[0m
  [1m[35m (0.4ms)[0m  [1m[35mBEGIN[0m
  [1m[36mColony Create (0.6ms)[0m  [1m[32mINSERT INTO "colonies" ("name", "borough", "created_at", "updated_at") VALUES ($1, $2, $3, $4) RETURNING "id"[0m  [["name", "sewer land"], ["borough", "Queens"], ["created_at", "2020-11-24 00:31:23.080770"], ["updated_at", "2020-11-24 00:31:23.080770"]]
  [1m[35m (0.7ms)[0m  [1m[35mCOMMIT[0m
  [1m[35m (0.5ms)[0m  [1m[35mBEGIN[0m
  [1m[36mColony::HABTM_Cats Create (0.5ms)[0m  [1m[32mINSERT INTO "cats_colonies" ("cat_id", "colony_id") VALUES ($1, $2)[0m  [["cat_id", 5], ["colony_id", 5]]
  [1m[35m (0.4ms)[0m  [1m[35mCOMMIT[0m
  [1m[35m (26.8ms)[0m  [1m[34mSELECT "schema_migrations"."version" FROM "schema_migrations" ORDER BY "schema_migrations"."version" ASC[0m
  [1m[35m (0.9ms)[0m  [1m[34mSELECT "ar_internal_metadata"."value" FROM "ar_internal_metadata" WHERE "ar_internal_metadata"."key" = $1[0m  [["key", "environment"]]
  [1m[35m (0.4ms)[0m  [1m[34mSELECT "schema_migrations"."version" FROM "schema_migrations" ORDER BY "schema_migrations"."version" ASC[0m
  [1m[35m (0.4ms)[0m  [1m[34mSELECT "ar_internal_metadata"."value" FROM "ar_internal_metadata" WHERE "ar_internal_metadata"."key" = $1[0m  [["key", "environment"]]
  [1m[35m (0.4ms)[0m  [1m[34mSELECT "schema_migrations"."version" FROM "schema_migrations" ORDER BY "schema_migrations"."version" ASC[0m
  [1m[35m (0.4ms)[0m  [1m[34mSELECT "ar_internal_metadata"."value" FROM "ar_internal_metadata" WHERE "ar_internal_metadata"."key" = $1[0m  [["key", "environment"]]
  [1m[35m (262.3ms)[0m  [1m[35mDROP DATABASE IF EXISTS "cat_colonies_development"[0m
  [1m[35m (249.9ms)[0m  [1m[35mDROP DATABASE IF EXISTS "cat_colonies_test"[0m
  [1m[35m (779.7ms)[0m  [1m[35mCREATE DATABASE "cat_colonies_development" ENCODING = 'unicode'[0m
  [1m[35m (654.2ms)[0m  [1m[35mCREATE DATABASE "cat_colonies_test" ENCODING = 'unicode'[0m
  [1m[35mSQL (1.0ms)[0m  [1m[35mCREATE EXTENSION IF NOT EXISTS "plpgsql"[0m
  [1m[35m (0.3ms)[0m  [1m[35mDROP TABLE IF EXISTS "cats" CASCADE[0m
  [1m[35m (44.1ms)[0m  [1m[35mCREATE TABLE "cats" ("id" bigserial primary key, "name" character varying, "breed" character varying, "age" integer, "created_at" timestamp(6) NOT NULL, "updated_at" timestamp(6) NOT NULL)[0m
  [1m[35m (0.7ms)[0m  [1m[35mDROP TABLE IF EXISTS "cats_colonies" CASCADE[0m
  [1m[35m (1.5ms)[0m  [1m[35mCREATE TABLE "cats_colonies" ("cat_id" bigint NOT NULL, "colony_id" bigint NOT NULL)[0m
  [1m[35m (0.5ms)[0m  [1m[35mDROP TABLE IF EXISTS "colonies" CASCADE[0m
  [1m[35m (42.1ms)[0m  [1m[35mCREATE TABLE "colonies" ("id" bigserial primary key, "name" character varying, "borough" character varying, "created_at" timestamp(6) NOT NULL, "updated_at" timestamp(6) NOT NULL)[0m
  [1m[35m (6.5ms)[0m  [1m[35mCREATE TABLE "schema_migrations" ("version" character varying NOT NULL PRIMARY KEY)[0m
  [1m[35m (1.2ms)[0m  [1m[34mSELECT "schema_migrations"."version" FROM "schema_migrations" ORDER BY "schema_migrations"."version" ASC[0m
  [1m[35m (1.1ms)[0m  [1m[32mINSERT INTO "schema_migrations" (version) VALUES (20201123223853)[0m
  [1m[35m (24.9ms)[0m  [1m[32mINSERT INTO "schema_migrations" (version) VALUES
(20201123223218),
(20201123223230);

[0m
  [1m[35m (5.9ms)[0m  [1m[35mCREATE TABLE "ar_internal_metadata" ("key" character varying NOT NULL PRIMARY KEY, "value" character varying, "created_at" timestamp(6) NOT NULL, "updated_at" timestamp(6) NOT NULL)[0m
  [1m[36mActiveRecord::InternalMetadata Load (0.8ms)[0m  [1m[34mSELECT "ar_internal_metadata".* FROM "ar_internal_metadata" WHERE "ar_internal_metadata"."key" = $1 LIMIT $2[0m  [["key", "environment"], ["LIMIT", 1]]
  [1m[35m (25.2ms)[0m  [1m[35mBEGIN[0m
  [1m[36mActiveRecord::InternalMetadata Create (0.8ms)[0m  [1m[32mINSERT INTO "ar_internal_metadata" ("key", "value", "created_at", "updated_at") VALUES ($1, $2, $3, $4) RETURNING "key"[0m  [["key", "environment"], ["value", "development"], ["created_at", "2020-11-24 00:34:07.300103"], ["updated_at", "2020-11-24 00:34:07.300103"]]
  [1m[35m (0.4ms)[0m  [1m[35mCOMMIT[0m
  [1m[36mActiveRecord::InternalMetadata Load (0.3ms)[0m  [1m[34mSELECT "ar_internal_metadata".* FROM "ar_internal_metadata" WHERE "ar_internal_metadata"."key" = $1 LIMIT $2[0m  [["key", "environment"], ["LIMIT", 1]]
  [1m[36mActiveRecord::InternalMetadata Load (0.5ms)[0m  [1m[34mSELECT "ar_internal_metadata".* FROM "ar_internal_metadata" WHERE "ar_internal_metadata"."key" = $1 LIMIT $2[0m  [["key", "schema_sha1"], ["LIMIT", 1]]
  [1m[35m (0.2ms)[0m  [1m[35mBEGIN[0m
  [1m[36mActiveRecord::InternalMetadata Create (0.5ms)[0m  [1m[32mINSERT INTO "ar_internal_metadata" ("key", "value", "created_at", "updated_at") VALUES ($1, $2, $3, $4) RETURNING "key"[0m  [["key", "schema_sha1"], ["value", "0737d0e2af0e5925715da7c7f4853bfc3db0a634"], ["created_at", "2020-11-24 00:34:07.342009"], ["updated_at", "2020-11-24 00:34:07.342009"]]
  [1m[35m (0.5ms)[0m  [1m[35mCOMMIT[0m
  [1m[35mSQL (1.0ms)[0m  [1m[35mCREATE EXTENSION IF NOT EXISTS "plpgsql"[0m
  [1m[35m (0.7ms)[0m  [1m[35mDROP TABLE IF EXISTS "cats" CASCADE[0m
  [1m[35m (43.5ms)[0m  [1m[35mCREATE TABLE "cats" ("id" bigserial primary key, "name" character varying, "breed" character varying, "age" integer, "created_at" timestamp(6) NOT NULL, "updated_at" timestamp(6) NOT NULL)[0m
  [1m[35m (0.6ms)[0m  [1m[35mDROP TABLE IF EXISTS "cats_colonies" CASCADE[0m
  [1m[35m (1.8ms)[0m  [1m[35mCREATE TABLE "cats_colonies" ("cat_id" bigint NOT NULL, "colony_id" bigint NOT NULL)[0m
  [1m[35m (24.7ms)[0m  [1m[35mDROP TABLE IF EXISTS "colonies" CASCADE[0m
  [1m[35m (8.3ms)[0m  [1m[35mCREATE TABLE "colonies" ("id" bigserial primary key, "name" character varying, "borough" character varying, "created_at" timestamp(6) NOT NULL, "updated_at" timestamp(6) NOT NULL)[0m
  [1m[35m (6.1ms)[0m  [1m[35mCREATE TABLE "schema_migrations" ("version" character varying NOT NULL PRIMARY KEY)[0m
  [1m[35m (1.2ms)[0m  [1m[34mSELECT "schema_migrations"."version" FROM "schema_migrations" ORDER BY "schema_migrations"."version" ASC[0m
  [1m[35m (0.8ms)[0m  [1m[32mINSERT INTO "schema_migrations" (version) VALUES (20201123223853)[0m
  [1m[35m (0.6ms)[0m  [1m[32mINSERT INTO "schema_migrations" (version) VALUES
(20201123223218),
(20201123223230);

[0m
  [1m[35m (7.8ms)[0m  [1m[35mCREATE TABLE "ar_internal_metadata" ("key" character varying NOT NULL PRIMARY KEY, "value" character varying, "created_at" timestamp(6) NOT NULL, "updated_at" timestamp(6) NOT NULL)[0m
  [1m[36mActiveRecord::InternalMetadata Load (1.0ms)[0m  [1m[34mSELECT "ar_internal_metadata".* FROM "ar_internal_metadata" WHERE "ar_internal_metadata"."key" = $1 LIMIT $2[0m  [["key", "environment"], ["LIMIT", 1]]
  [1m[35m (0.2ms)[0m  [1m[35mBEGIN[0m
  [1m[36mActiveRecord::InternalMetadata Create (0.6ms)[0m  [1m[32mINSERT INTO "ar_internal_metadata" ("key", "value", "created_at", "updated_at") VALUES ($1, $2, $3, $4) RETURNING "key"[0m  [["key", "environment"], ["value", "development"], ["created_at", "2020-11-24 00:34:07.629254"], ["updated_at", "2020-11-24 00:34:07.629254"]]
  [1m[35m (0.4ms)[0m  [1m[35mCOMMIT[0m
  [1m[36mActiveRecord::InternalMetadata Load (0.4ms)[0m  [1m[34mSELECT "ar_internal_metadata".* FROM "ar_internal_metadata" WHERE "ar_internal_metadata"."key" = $1 LIMIT $2[0m  [["key", "environment"], ["LIMIT", 1]]
  [1m[35m (0.2ms)[0m  [1m[35mBEGIN[0m
  [1m[36mActiveRecord::InternalMetadata Update (0.6ms)[0m  [1m[33mUPDATE "ar_internal_metadata" SET "value" = $1, "updated_at" = $2 WHERE "ar_internal_metadata"."key" = $3[0m  [["value", "test"], ["updated_at", "2020-11-24 00:34:07.643246"], ["key", "environment"]]
  [1m[35m (25.7ms)[0m  [1m[35mCOMMIT[0m
  [1m[36mActiveRecord::InternalMetadata Load (0.4ms)[0m  [1m[34mSELECT "ar_internal_metadata".* FROM "ar_internal_metadata" WHERE "ar_internal_metadata"."key" = $1 LIMIT $2[0m  [["key", "schema_sha1"], ["LIMIT", 1]]
  [1m[35m (0.2ms)[0m  [1m[35mBEGIN[0m
  [1m[36mActiveRecord::InternalMetadata Create (0.3ms)[0m  [1m[32mINSERT INTO "ar_internal_metadata" ("key", "value", "created_at", "updated_at") VALUES ($1, $2, $3, $4) RETURNING "key"[0m  [["key", "schema_sha1"], ["value", "0737d0e2af0e5925715da7c7f4853bfc3db0a634"], ["created_at", "2020-11-24 00:34:07.681726"], ["updated_at", "2020-11-24 00:34:07.681726"]]
  [1m[35m (0.5ms)[0m  [1m[35mCOMMIT[0m
  [1m[35m (1.5ms)[0m  [1m[34mSELECT "schema_migrations"."version" FROM "schema_migrations" ORDER BY "schema_migrations"."version" ASC[0m
  [1m[36mCat Load (2.1ms)[0m  [1m[34mSELECT "cats".* FROM "cats"[0m
  [1m[36mColony Load (1.3ms)[0m  [1m[34mSELECT "colonies".* FROM "colonies"[0m
  [1m[35m (0.2ms)[0m  [1m[35mBEGIN[0m
  [1m[36mCat Create (25.4ms)[0m  [1m[32mINSERT INTO "cats" ("name", "breed", "age", "created_at", "updated_at") VALUES ($1, $2, $3, $4, $5) RETURNING "id"[0m  [["name", "Alfie"], ["breed", "Tabby"], ["age", 3], ["created_at", "2020-11-24 00:34:07.948024"], ["updated_at", "2020-11-24 00:34:07.948024"]]
  [1m[35m (0.8ms)[0m  [1m[35mCOMMIT[0m
  [1m[35m (0.2ms)[0m  [1m[35mBEGIN[0m
  [1m[36mCat Create (0.5ms)[0m  [1m[32mINSERT INTO "cats" ("name", "breed", "age", "created_at", "updated_at") VALUES ($1, $2, $3, $4, $5) RETURNING "id"[0m  [["name", "Chaplin"], ["breed", "DSH"], ["age", 6], ["created_at", "2020-11-24 00:34:07.982247"], ["updated_at", "2020-11-24 00:34:07.982247"]]
  [1m[35m (0.7ms)[0m  [1m[35mCOMMIT[0m
  [1m[35m (0.3ms)[0m  [1m[35mBEGIN[0m
  [1m[36mCat Create (25.0ms)[0m  [1m[32mINSERT INTO "cats" ("name", "breed", "age", "created_at", "updated_at") VALUES ($1, $2, $3, $4, $5) RETURNING "id"[0m  [["name", "Grey"], ["breed", "DSH"], ["age", 2], ["created_at", "2020-11-24 00:34:07.998930"], ["updated_at", "2020-11-24 00:34:07.998930"]]
  [1m[35m (0.8ms)[0m  [1m[35mCOMMIT[0m
  [1m[35m (0.2ms)[0m  [1m[35mBEGIN[0m
  [1m[36mCat Create (0.5ms)[0m  [1m[32mINSERT INTO "cats" ("name", "breed", "age", "created_at", "updated_at") VALUES ($1, $2, $3, $4, $5) RETURNING "id"[0m  [["name", "Jinx"], ["breed", "DLH"], ["age", 1], ["created_at", "2020-11-24 00:34:08.032360"], ["updated_at", "2020-11-24 00:34:08.032360"]]
  [1m[35m (0.5ms)[0m  [1m[35mCOMMIT[0m
  [1m[35m (0.2ms)[0m  [1m[35mBEGIN[0m
  [1m[36mCat Create (0.5ms)[0m  [1m[32mINSERT INTO "cats" ("name", "breed", "age", "created_at", "updated_at") VALUES ($1, $2, $3, $4, $5) RETURNING "id"[0m  [["name", "Midnight"], ["breed", "DSH"], ["age", 15], ["created_at", "2020-11-24 00:34:08.041267"], ["updated_at", "2020-11-24 00:34:08.041267"]]
  [1m[35m (0.5ms)[0m  [1m[35mCOMMIT[0m
  [1m[35m (25.1ms)[0m  [1m[35mBEGIN[0m
  [1m[36mCat Create (0.5ms)[0m  [1m[32mINSERT INTO "cats" ("name", "breed", "age", "created_at", "updated_at") VALUES ($1, $2, $3, $4, $5) RETURNING "id"[0m  [["name", "Rascal"], ["breed", "DSH"], ["age", 12], ["created_at", "2020-11-24 00:34:08.050574"], ["updated_at", "2020-11-24 00:34:08.050574"]]
  [1m[35m (0.4ms)[0m  [1m[35mCOMMIT[0m
  [1m[35m (2.9ms)[0m  [1m[34mSELECT COUNT(*) FROM "cats"[0m
  [1m[35m (23.7ms)[0m  [1m[35mBEGIN[0m
  [1m[36mColony Create (1.0ms)[0m  [1m[32mINSERT INTO "colonies" ("name", "borough", "created_at", "updated_at") VALUES ($1, $2, $3, $4) RETURNING "id"[0m  [["name", "Greenpoint kitty kastle"], ["borough", "Brooklyn"], ["created_at", "2020-11-24 00:34:08.102186"], ["updated_at", "2020-11-24 00:34:08.102186"]]
  [1m[35m (0.5ms)[0m  [1m[35mCOMMIT[0m
  [1m[35m (0.2ms)[0m  [1m[35mBEGIN[0m
  [1m[36mColony Create (0.6ms)[0m  [1m[32mINSERT INTO "colonies" ("name", "borough", "created_at", "updated_at") VALUES ($1, $2, $3, $4) RETURNING "id"[0m  [["name", "Animal Haven"], ["borough", "New York"], ["created_at", "2020-11-24 00:34:08.134927"], ["updated_at", "2020-11-24 00:34:08.134927"]]
  [1m[35m (0.5ms)[0m  [1m[35mCOMMIT[0m
  [1m[35m (0.2ms)[0m  [1m[35mBEGIN[0m
  [1m[36mColony Create (0.5ms)[0m  [1m[32mINSERT INTO "colonies" ("name", "borough", "created_at", "updated_at") VALUES ($1, $2, $3, $4) RETURNING "id"[0m  [["name", "Adpot a kitten"], ["borough", "Brooklyn"], ["created_at", "2020-11-24 00:34:08.143574"], ["updated_at", "2020-11-24 00:34:08.143574"]]
  [1m[35m (0.6ms)[0m  [1m[35mCOMMIT[0m
  [1m[35m (23.8ms)[0m  [1m[35mBEGIN[0m
  [1m[36mColony Create (0.5ms)[0m  [1m[32mINSERT INTO "colonies" ("name", "borough", "created_at", "updated_at") VALUES ($1, $2, $3, $4) RETURNING "id"[0m  [["name", "Meow meow"], ["borough", "Queens"], ["created_at", "2020-11-24 00:34:08.152197"], ["updated_at", "2020-11-24 00:34:08.152197"]]
  [1m[35m (0.5ms)[0m  [1m[35mCOMMIT[0m
  [1m[35m (0.2ms)[0m  [1m[35mBEGIN[0m
  [1m[36mColony Create (0.5ms)[0m  [1m[32mINSERT INTO "colonies" ("name", "borough", "created_at", "updated_at") VALUES ($1, $2, $3, $4) RETURNING "id"[0m  [["name", "Jamean's Pet Haven"], ["borough", "Brooklyn"], ["created_at", "2020-11-24 00:34:08.184310"], ["updated_at", "2020-11-24 00:34:08.184310"]]
  [1m[35m (0.6ms)[0m  [1m[35mCOMMIT[0m
  [1m[35m (0.3ms)[0m  [1m[35mBEGIN[0m
  [1m[36mColony Create (0.5ms)[0m  [1m[32mINSERT INTO "colonies" ("name", "borough", "created_at", "updated_at") VALUES ($1, $2, $3, $4) RETURNING "id"[0m  [["name", "ABC Kitten"], ["borough", "SI"], ["created_at", "2020-11-24 00:34:08.192999"], ["updated_at", "2020-11-24 00:34:08.192999"]]
  [1m[35m (0.6ms)[0m  [1m[35mCOMMIT[0m
  [1m[35m (24.2ms)[0m  [1m[34mSELECT COUNT(*) FROM "colonies"[0m
  [1m[35m (26.9ms)[0m  [1m[34mSELECT "schema_migrations"."version" FROM "schema_migrations" ORDER BY "schema_migrations"."version" ASC[0m
  [1m[35m (1.2ms)[0m  [1m[34mSELECT "ar_internal_metadata"."value" FROM "ar_internal_metadata" WHERE "ar_internal_metadata"."key" = $1[0m  [["key", "environment"]]
  [1m[35m (0.5ms)[0m  [1m[34mSELECT "schema_migrations"."version" FROM "schema_migrations" ORDER BY "schema_migrations"."version" ASC[0m
  [1m[35m (0.7ms)[0m  [1m[34mSELECT "ar_internal_metadata"."value" FROM "ar_internal_metadata" WHERE "ar_internal_metadata"."key" = $1[0m  [["key", "environment"]]
  [1m[35m (0.4ms)[0m  [1m[34mSELECT "schema_migrations"."version" FROM "schema_migrations" ORDER BY "schema_migrations"."version" ASC[0m
  [1m[35m (0.3ms)[0m  [1m[34mSELECT "ar_internal_metadata"."value" FROM "ar_internal_metadata" WHERE "ar_internal_metadata"."key" = $1[0m  [["key", "environment"]]
  [1m[35m (246.1ms)[0m  [1m[35mDROP DATABASE IF EXISTS "cat_colonies_development"[0m
  [1m[35m (204.7ms)[0m  [1m[35mDROP DATABASE IF EXISTS "cat_colonies_test"[0m
  [1m[35m (2294.2ms)[0m  [1m[35mCREATE DATABASE "cat_colonies_development" ENCODING = 'unicode'[0m
  [1m[35m (1246.2ms)[0m  [1m[35mCREATE DATABASE "cat_colonies_test" ENCODING = 'unicode'[0m
  [1m[35mSQL (1.5ms)[0m  [1m[35mCREATE EXTENSION IF NOT EXISTS "plpgsql"[0m
  [1m[35m (24.6ms)[0m  [1m[35mDROP TABLE IF EXISTS "cats" CASCADE[0m
  [1m[35m (100.8ms)[0m  [1m[35mCREATE TABLE "cats" ("id" bigserial primary key, "name" character varying, "breed" character varying, "age" integer, "created_at" timestamp(6) NOT NULL, "updated_at" timestamp(6) NOT NULL)[0m
  [1m[35m (0.7ms)[0m  [1m[35mDROP TABLE IF EXISTS "cats_colonies" CASCADE[0m
  [1m[35m (2.2ms)[0m  [1m[35mCREATE TABLE "cats_colonies" ("cat_id" bigint NOT NULL, "colony_id" bigint NOT NULL)[0m
  [1m[35m (0.3ms)[0m  [1m[35mDROP TABLE IF EXISTS "colonies" CASCADE[0m
  [1m[35m (88.6ms)[0m  [1m[35mCREATE TABLE "colonies" ("id" bigserial primary key, "name" character varying, "borough" character varying, "created_at" timestamp(6) NOT NULL, "updated_at" timestamp(6) NOT NULL)[0m
  [1m[35m (42.4ms)[0m  [1m[35mCREATE TABLE "schema_migrations" ("version" character varying NOT NULL PRIMARY KEY)[0m
  [1m[35m (1.8ms)[0m  [1m[34mSELECT "schema_migrations"."version" FROM "schema_migrations" ORDER BY "schema_migrations"."version" ASC[0m
  [1m[35m (38.1ms)[0m  [1m[32mINSERT INTO "schema_migrations" (version) VALUES (20201123223853)[0m
  [1m[35m (15.1ms)[0m  [1m[32mINSERT INTO "schema_migrations" (version) VALUES
(20201123223218),
(20201123223230);

[0m
  [1m[35m (7.7ms)[0m  [1m[35mCREATE TABLE "ar_internal_metadata" ("key" character varying NOT NULL PRIMARY KEY, "value" character varying, "created_at" timestamp(6) NOT NULL, "updated_at" timestamp(6) NOT NULL)[0m
  [1m[36mActiveRecord::InternalMetadata Load (1.4ms)[0m  [1m[34mSELECT "ar_internal_metadata".* FROM "ar_internal_metadata" WHERE "ar_internal_metadata"."key" = $1 LIMIT $2[0m  [["key", "environment"], ["LIMIT", 1]]
  [1m[35m (17.7ms)[0m  [1m[35mBEGIN[0m
  [1m[36mActiveRecord::InternalMetadata Create (1.1ms)[0m  [1m[32mINSERT INTO "ar_internal_metadata" ("key", "value", "created_at", "updated_at") VALUES ($1, $2, $3, $4) RETURNING "key"[0m  [["key", "environment"], ["value", "development"], ["created_at", "2020-11-24 00:34:45.357412"], ["updated_at", "2020-11-24 00:34:45.357412"]]
  [1m[35m (0.5ms)[0m  [1m[35mCOMMIT[0m
  [1m[36mActiveRecord::InternalMetadata Load (0.6ms)[0m  [1m[34mSELECT "ar_internal_metadata".* FROM "ar_internal_metadata" WHERE "ar_internal_metadata"."key" = $1 LIMIT $2[0m  [["key", "environment"], ["LIMIT", 1]]
  [1m[36mActiveRecord::InternalMetadata Load (0.5ms)[0m  [1m[34mSELECT "ar_internal_metadata".* FROM "ar_internal_metadata" WHERE "ar_internal_metadata"."key" = $1 LIMIT $2[0m  [["key", "schema_sha1"], ["LIMIT", 1]]
  [1m[35m (0.3ms)[0m  [1m[35mBEGIN[0m
  [1m[36mActiveRecord::InternalMetadata Create (25.0ms)[0m  [1m[32mINSERT INTO "ar_internal_metadata" ("key", "value", "created_at", "updated_at") VALUES ($1, $2, $3, $4) RETURNING "key"[0m  [["key", "schema_sha1"], ["value", "0737d0e2af0e5925715da7c7f4853bfc3db0a634"], ["created_at", "2020-11-24 00:34:45.398648"], ["updated_at", "2020-11-24 00:34:45.398648"]]
  [1m[35m (0.8ms)[0m  [1m[35mCOMMIT[0m
  [1m[35mSQL (27.4ms)[0m  [1m[35mCREATE EXTENSION IF NOT EXISTS "plpgsql"[0m
  [1m[35m (39.4ms)[0m  [1m[35mDROP TABLE IF EXISTS "cats" CASCADE[0m
  [1m[35m (599.5ms)[0m  [1m[35mCREATE TABLE "cats" ("id" bigserial primary key, "name" character varying, "breed" character varying, "age" integer, "created_at" timestamp(6) NOT NULL, "updated_at" timestamp(6) NOT NULL)[0m
  [1m[35m (27.8ms)[0m  [1m[34mSELECT "schema_migrations"."version" FROM "schema_migrations" ORDER BY "schema_migrations"."version" ASC[0m
  [1m[35m (5.1ms)[0m  [1m[34mSELECT "ar_internal_metadata"."value" FROM "ar_internal_metadata" WHERE "ar_internal_metadata"."key" = $1[0m  [["key", "environment"]]
  [1m[35m (0.5ms)[0m  [1m[34mSELECT "schema_migrations"."version" FROM "schema_migrations" ORDER BY "schema_migrations"."version" ASC[0m
  [1m[35m (0.9ms)[0m  [1m[34mSELECT "ar_internal_metadata"."value" FROM "ar_internal_metadata" WHERE "ar_internal_metadata"."key" = $1[0m  [["key", "environment"]]
  [1m[35m (0.6ms)[0m  [1m[34mSELECT "schema_migrations"."version" FROM "schema_migrations" ORDER BY "schema_migrations"."version" ASC[0m
  [1m[35m (25.9ms)[0m  [1m[34mSELECT "ar_internal_metadata"."value" FROM "ar_internal_metadata" WHERE "ar_internal_metadata"."key" = $1[0m  [["key", "environment"]]
  [1m[35m (256.3ms)[0m  [1m[35mDROP DATABASE IF EXISTS "cat_colonies_development"[0m
  [1m[35m (199.4ms)[0m  [1m[35mDROP DATABASE IF EXISTS "cat_colonies_test"[0m
  [1m[35m (599.9ms)[0m  [1m[35mCREATE DATABASE "cat_colonies_development" ENCODING = 'unicode'[0m
  [1m[35m (593.4ms)[0m  [1m[35mCREATE DATABASE "cat_colonies_test" ENCODING = 'unicode'[0m
  [1m[35mSQL (0.8ms)[0m  [1m[35mCREATE EXTENSION IF NOT EXISTS "plpgsql"[0m
  [1m[35m (0.4ms)[0m  [1m[35mDROP TABLE IF EXISTS "cats" CASCADE[0m
  [1m[35m (44.6ms)[0m  [1m[35mCREATE TABLE "cats" ("id" bigserial primary key, "name" character varying, "breed" character varying, "age" integer, "created_at" timestamp(6) NOT NULL, "updated_at" timestamp(6) NOT NULL)[0m
  [1m[35m (0.4ms)[0m  [1m[35mDROP TABLE IF EXISTS "cats_colonies" CASCADE[0m
  [1m[35m (1.5ms)[0m  [1m[35mCREATE TABLE "cats_colonies" ("cat_id" bigint NOT NULL, "colony_id" bigint NOT NULL)[0m
  [1m[35m (0.3ms)[0m  [1m[35mDROP TABLE IF EXISTS "colonies" CASCADE[0m
  [1m[35m (32.9ms)[0m  [1m[35mCREATE TABLE "colonies" ("id" bigserial primary key, "name" character varying, "borough" character varying, "created_at" timestamp(6) NOT NULL, "updated_at" timestamp(6) NOT NULL)[0m
  [1m[35m (5.0ms)[0m  [1m[35mCREATE TABLE "schema_migrations" ("version" character varying NOT NULL PRIMARY KEY)[0m
  [1m[35m (1.6ms)[0m  [1m[34mSELECT "schema_migrations"."version" FROM "schema_migrations" ORDER BY "schema_migrations"."version" ASC[0m
  [1m[35m (24.6ms)[0m  [1m[32mINSERT INTO "schema_migrations" (version) VALUES (20201123223853)[0m
  [1m[35m (0.9ms)[0m  [1m[32mINSERT INTO "schema_migrations" (version) VALUES
(20201123223218),
(20201123223230);

[0m
  [1m[35m (32.2ms)[0m  [1m[35mCREATE TABLE "ar_internal_metadata" ("key" character varying NOT NULL PRIMARY KEY, "value" character varying, "created_at" timestamp(6) NOT NULL, "updated_at" timestamp(6) NOT NULL)[0m
  [1m[36mActiveRecord::InternalMetadata Load (0.9ms)[0m  [1m[34mSELECT "ar_internal_metadata".* FROM "ar_internal_metadata" WHERE "ar_internal_metadata"."key" = $1 LIMIT $2[0m  [["key", "environment"], ["LIMIT", 1]]
  [1m[35m (0.2ms)[0m  [1m[35mBEGIN[0m
  [1m[36mActiveRecord::InternalMetadata Create (0.9ms)[0m  [1m[32mINSERT INTO "ar_internal_metadata" ("key", "value", "created_at", "updated_at") VALUES ($1, $2, $3, $4) RETURNING "key"[0m  [["key", "environment"], ["value", "development"], ["created_at", "2020-11-24 00:34:54.691410"], ["updated_at", "2020-11-24 00:34:54.691410"]]
  [1m[35m (0.4ms)[0m  [1m[35mCOMMIT[0m
  [1m[36mActiveRecord::InternalMetadata Load (0.3ms)[0m  [1m[34mSELECT "ar_internal_metadata".* FROM "ar_internal_metadata" WHERE "ar_internal_metadata"."key" = $1 LIMIT $2[0m  [["key", "environment"], ["LIMIT", 1]]
  [1m[36mActiveRecord::InternalMetadata Load (0.4ms)[0m  [1m[34mSELECT "ar_internal_metadata".* FROM "ar_internal_metadata" WHERE "ar_internal_metadata"."key" = $1 LIMIT $2[0m  [["key", "schema_sha1"], ["LIMIT", 1]]
  [1m[35m (0.2ms)[0m  [1m[35mBEGIN[0m
  [1m[36mActiveRecord::InternalMetadata Create (0.4ms)[0m  [1m[32mINSERT INTO "ar_internal_metadata" ("key", "value", "created_at", "updated_at") VALUES ($1, $2, $3, $4) RETURNING "key"[0m  [["key", "schema_sha1"], ["value", "0737d0e2af0e5925715da7c7f4853bfc3db0a634"], ["created_at", "2020-11-24 00:34:54.733292"], ["updated_at", "2020-11-24 00:34:54.733292"]]
  [1m[35m (0.4ms)[0m  [1m[35mCOMMIT[0m
  [1m[35mSQL (0.9ms)[0m  [1m[35mCREATE EXTENSION IF NOT EXISTS "plpgsql"[0m
  [1m[35m (0.3ms)[0m  [1m[35mDROP TABLE IF EXISTS "cats" CASCADE[0m
  [1m[35m (46.5ms)[0m  [1m[35mCREATE TABLE "cats" ("id" bigserial primary key, "name" character varying, "breed" character varying, "age" integer, "created_at" timestamp(6) NOT NULL, "updated_at" timestamp(6) NOT NULL)[0m
  [1m[35m (0.7ms)[0m  [1m[35mDROP TABLE IF EXISTS "cats_colonies" CASCADE[0m
  [1m[35m (1.4ms)[0m  [1m[35mCREATE TABLE "cats_colonies" ("cat_id" bigint NOT NULL, "colony_id" bigint NOT NULL)[0m
  [1m[35m (0.3ms)[0m  [1m[35mDROP TABLE IF EXISTS "colonies" CASCADE[0m
  [1m[35m (35.1ms)[0m  [1m[35mCREATE TABLE "colonies" ("id" bigserial primary key, "name" character varying, "borough" character varying, "created_at" timestamp(6) NOT NULL, "updated_at" timestamp(6) NOT NULL)[0m
  [1m[35m (6.6ms)[0m  [1m[35mCREATE TABLE "schema_migrations" ("version" character varying NOT NULL PRIMARY KEY)[0m
  [1m[35m (1.4ms)[0m  [1m[34mSELECT "schema_migrations"."version" FROM "schema_migrations" ORDER BY "schema_migrations"."version" ASC[0m
  [1m[35m (23.8ms)[0m  [1m[32mINSERT INTO "schema_migrations" (version) VALUES (20201123223853)[0m
  [1m[35m (0.5ms)[0m  [1m[32mINSERT INTO "schema_migrations" (version) VALUES
(20201123223218),
(20201123223230);

[0m
  [1m[35m (5.6ms)[0m  [1m[35mCREATE TABLE "ar_internal_metadata" ("key" character varying NOT NULL PRIMARY KEY, "value" character varying, "created_at" timestamp(6) NOT NULL, "updated_at" timestamp(6) NOT NULL)[0m
  [1m[36mActiveRecord::InternalMetadata Load (0.7ms)[0m  [1m[34mSELECT "ar_internal_metadata".* FROM "ar_internal_metadata" WHERE "ar_internal_metadata"."key" = $1 LIMIT $2[0m  [["key", "environment"], ["LIMIT", 1]]
  [1m[35m (0.8ms)[0m  [1m[35mBEGIN[0m
  [1m[36mActiveRecord::InternalMetadata Create (0.9ms)[0m  [1m[32mINSERT INTO "ar_internal_metadata" ("key", "value", "created_at", "updated_at") VALUES ($1, $2, $3, $4) RETURNING "key"[0m  [["key", "environment"], ["value", "development"], ["created_at", "2020-11-24 00:34:54.994032"], ["updated_at", "2020-11-24 00:34:54.994032"]]
  [1m[35m (25.9ms)[0m  [1m[35mCOMMIT[0m
  [1m[36mActiveRecord::InternalMetadata Load (0.4ms)[0m  [1m[34mSELECT "ar_internal_metadata".* FROM "ar_internal_metadata" WHERE "ar_internal_metadata"."key" = $1 LIMIT $2[0m  [["key", "environment"], ["LIMIT", 1]]
  [1m[35m (0.2ms)[0m  [1m[35mBEGIN[0m
  [1m[36mActiveRecord::InternalMetadata Update (0.6ms)[0m  [1m[33mUPDATE "ar_internal_metadata" SET "value" = $1, "updated_at" = $2 WHERE "ar_internal_metadata"."key" = $3[0m  [["value", "test"], ["updated_at", "2020-11-24 00:34:55.034484"], ["key", "environment"]]
  [1m[35m (0.5ms)[0m  [1m[35mCOMMIT[0m
  [1m[36mActiveRecord::InternalMetadata Load (0.4ms)[0m  [1m[34mSELECT "ar_internal_metadata".* FROM "ar_internal_metadata" WHERE "ar_internal_metadata"."key" = $1 LIMIT $2[0m  [["key", "schema_sha1"], ["LIMIT", 1]]
  [1m[35m (0.3ms)[0m  [1m[35mBEGIN[0m
  [1m[36mActiveRecord::InternalMetadata Create (25.0ms)[0m  [1m[32mINSERT INTO "ar_internal_metadata" ("key", "value", "created_at", "updated_at") VALUES ($1, $2, $3, $4) RETURNING "key"[0m  [["key", "schema_sha1"], ["value", "0737d0e2af0e5925715da7c7f4853bfc3db0a634"], ["created_at", "2020-11-24 00:34:55.047253"], ["updated_at", "2020-11-24 00:34:55.047253"]]
  [1m[35m (0.5ms)[0m  [1m[35mCOMMIT[0m
  [1m[35m (1.6ms)[0m  [1m[34mSELECT "schema_migrations"."version" FROM "schema_migrations" ORDER BY "schema_migrations"."version" ASC[0m
  [1m[36mCat Load (1.5ms)[0m  [1m[34mSELECT "cats".* FROM "cats"[0m
  [1m[36mColony Load (1.3ms)[0m  [1m[34mSELECT "colonies".* FROM "colonies"[0m
  [1m[35m (0.3ms)[0m  [1m[35mBEGIN[0m
  [1m[36mCat Create (1.2ms)[0m  [1m[32mINSERT INTO "cats" ("name", "breed", "age", "created_at", "updated_at") VALUES ($1, $2, $3, $4, $5) RETURNING "id"[0m  [["name", "Alfie"], ["breed", "Tabby"], ["age", 3], ["created_at", "2020-11-24 00:34:55.292389"], ["updated_at", "2020-11-24 00:34:55.292389"]]
  [1m[35m (25.8ms)[0m  [1m[35mCOMMIT[0m
  [1m[35m (0.2ms)[0m  [1m[35mBEGIN[0m
  [1m[36mCat Create (0.8ms)[0m  [1m[32mINSERT INTO "cats" ("name", "breed", "age", "created_at", "updated_at") VALUES ($1, $2, $3, $4, $5) RETURNING "id"[0m  [["name", "Chaplin"], ["breed", "DSH"], ["age", 6], ["created_at", "2020-11-24 00:34:55.328646"], ["updated_at", "2020-11-24 00:34:55.328646"]]
  [1m[35m (0.5ms)[0m  [1m[35mCOMMIT[0m
  [1m[35m (0.2ms)[0m  [1m[35mBEGIN[0m
  [1m[36mCat Create (0.7ms)[0m  [1m[32mINSERT INTO "cats" ("name", "breed", "age", "created_at", "updated_at") VALUES ($1, $2, $3, $4, $5) RETURNING "id"[0m  [["name", "Grey"], ["breed", "DSH"], ["age", 2], ["created_at", "2020-11-24 00:34:55.344980"], ["updated_at", "2020-11-24 00:34:55.344980"]]
  [1m[35m (24.6ms)[0m  [1m[35mCOMMIT[0m
  [1m[35m (0.5ms)[0m  [1m[35mBEGIN[0m
  [1m[36mCat Create (0.5ms)[0m  [1m[32mINSERT INTO "cats" ("name", "breed", "age", "created_at", "updated_at") VALUES ($1, $2, $3, $4, $5) RETURNING "id"[0m  [["name", "Jinx"], ["breed", "DLH"], ["age", 1], ["created_at", "2020-11-24 00:34:55.378403"], ["updated_at", "2020-11-24 00:34:55.378403"]]
  [1m[35m (0.4ms)[0m  [1m[35mCOMMIT[0m
  [1m[35m (0.2ms)[0m  [1m[35mBEGIN[0m
  [1m[36mCat Create (0.6ms)[0m  [1m[32mINSERT INTO "cats" ("name", "breed", "age", "created_at", "updated_at") VALUES ($1, $2, $3, $4, $5) RETURNING "id"[0m  [["name", "Midnight"], ["breed", "DSH"], ["age", 15], ["created_at", "2020-11-24 00:34:55.386948"], ["updated_at", "2020-11-24 00:34:55.386948"]]
  [1m[35m (0.4ms)[0m  [1m[35mCOMMIT[0m
  [1m[35m (0.3ms)[0m  [1m[35mBEGIN[0m
  [1m[36mCat Create (0.6ms)[0m  [1m[32mINSERT INTO "cats" ("name", "breed", "age", "created_at", "updated_at") VALUES ($1, $2, $3, $4, $5) RETURNING "id"[0m  [["name", "Rascal"], ["breed", "DSH"], ["age", 12], ["created_at", "2020-11-24 00:34:55.396004"], ["updated_at", "2020-11-24 00:34:55.396004"]]
  [1m[35m (24.6ms)[0m  [1m[35mCOMMIT[0m
  [1m[35m (1.4ms)[0m  [1m[34mSELECT COUNT(*) FROM "cats"[0m
  [1m[35m (0.3ms)[0m  [1m[35mBEGIN[0m
  [1m[36mColony Create (0.9ms)[0m  [1m[32mINSERT INTO "colonies" ("name", "borough", "created_at", "updated_at") VALUES ($1, $2, $3, $4) RETURNING "id"[0m  [["name", "Greenpoint kitty kastle"], ["borough", "Brooklyn"], ["created_at", "2020-11-24 00:34:55.443065"], ["updated_at", "2020-11-24 00:34:55.443065"]]
  [1m[35m (26.1ms)[0m  [1m[35mCOMMIT[0m
  [1m[35m (0.2ms)[0m  [1m[35mBEGIN[0m
  [1m[36mColony Create (0.5ms)[0m  [1m[32mINSERT INTO "colonies" ("name", "borough", "created_at", "updated_at") VALUES ($1, $2, $3, $4) RETURNING "id"[0m  [["name", "Animal Haven"], ["borough", "New York"], ["created_at", "2020-11-24 00:34:55.478065"], ["updated_at", "2020-11-24 00:34:55.478065"]]
  [1m[35m (0.5ms)[0m  [1m[35mCOMMIT[0m
  [1m[35m (0.2ms)[0m  [1m[35mBEGIN[0m
  [1m[36mColony Create (0.5ms)[0m  [1m[32mINSERT INTO "colonies" ("name", "borough", "created_at", "updated_at") VALUES ($1, $2, $3, $4) RETURNING "id"[0m  [["name", "Adpot a kitten"], ["borough", "Brooklyn"], ["created_at", "2020-11-24 00:34:55.485884"], ["updated_at", "2020-11-24 00:34:55.485884"]]
  [1m[35m (1.0ms)[0m  [1m[35mCOMMIT[0m
  [1m[35m (0.2ms)[0m  [1m[35mBEGIN[0m
  [1m[36mColony Create (0.6ms)[0m  [1m[32mINSERT INTO "colonies" ("name", "borough", "created_at", "updated_at") VALUES ($1, $2, $3, $4) RETURNING "id"[0m  [["name", "Meow meow"], ["borough", "Queens"], ["created_at", "2020-11-24 00:34:55.494933"], ["updated_at", "2020-11-24 00:34:55.494933"]]
  [1m[35m (25.1ms)[0m  [1m[35mCOMMIT[0m
  [1m[35m (0.2ms)[0m  [1m[35mBEGIN[0m
  [1m[36mColony Create (0.5ms)[0m  [1m[32mINSERT INTO "colonies" ("name", "borough", "created_at", "updated_at") VALUES ($1, $2, $3, $4) RETURNING "id"[0m  [["name", "Jamean's Pet Haven"], ["borough", "Brooklyn"], ["created_at", "2020-11-24 00:34:55.529039"], ["updated_at", "2020-11-24 00:34:55.529039"]]
  [1m[35m (0.5ms)[0m  [1m[35mCOMMIT[0m
  [1m[35m (0.2ms)[0m  [1m[35mBEGIN[0m
  [1m[36mColony Create (0.5ms)[0m  [1m[32mINSERT INTO "colonies" ("name", "borough", "created_at", "updated_at") VALUES ($1, $2, $3, $4) RETURNING "id"[0m  [["name", "ABC Kitten"], ["borough", "SI"], ["created_at", "2020-11-24 00:34:55.536933"], ["updated_at", "2020-11-24 00:34:55.536933"]]
  [1m[35m (0.5ms)[0m  [1m[35mCOMMIT[0m
  [1m[35m (0.5ms)[0m  [1m[34mSELECT COUNT(*) FROM "colonies"[0m
  [1m[35m (12.8ms)[0m  [1m[35mBEGIN[0m
  [1m[36mColony::HABTM_Cats Create (1.3ms)[0m  [1m[32mINSERT INTO "cats_colonies" ("cat_id", "colony_id") VALUES ($1, $2)[0m  [["cat_id", 1], ["colony_id", 1]]
  [1m[35m (0.6ms)[0m  [1m[35mCOMMIT[0m
  [1m[35m (0.2ms)[0m  [1m[35mBEGIN[0m
  [1m[36mColony::HABTM_Cats Create (0.4ms)[0m  [1m[32mINSERT INTO "cats_colonies" ("cat_id", "colony_id") VALUES ($1, $2)[0m  [["cat_id", 2], ["colony_id", 1]]
  [1m[35m (23.8ms)[0m  [1m[35mCOMMIT[0m
  [1m[35m (0.2ms)[0m  [1m[35mBEGIN[0m
  [1m[36mColony::HABTM_Cats Create (0.4ms)[0m  [1m[32mINSERT INTO "cats_colonies" ("cat_id", "colony_id") VALUES ($1, $2)[0m  [["cat_id", 3], ["colony_id", 2]]
  [1m[35m (0.8ms)[0m  [1m[35mCOMMIT[0m
  [1m[35m (0.2ms)[0m  [1m[35mBEGIN[0m
  [1m[36mColony::HABTM_Cats Create (0.4ms)[0m  [1m[32mINSERT INTO "cats_colonies" ("cat_id", "colony_id") VALUES ($1, $2)[0m  [["cat_id", 4], ["colony_id", 4]]
  [1m[35m (0.5ms)[0m  [1m[35mCOMMIT[0m
Started GET "/" for 127.0.0.1 at 2020-11-23 19:36:07 -0500
  [1m[35m (2.3ms)[0m  [1m[34mSELECT "schema_migrations"."version" FROM "schema_migrations" ORDER BY "schema_migrations"."version" ASC[0m
Processing by Rails::WelcomeController#index as HTML
  Rendering /Users/daniel/.rbenv/versions/2.7.1/lib/ruby/gems/2.7.0/gems/railties-6.0.3.4/lib/rails/templates/rails/welcome/index.html.erb
  Rendered /Users/daniel/.rbenv/versions/2.7.1/lib/ruby/gems/2.7.0/gems/railties-6.0.3.4/lib/rails/templates/rails/welcome/index.html.erb (Duration: 18.8ms | Allocations: 292)
Completed 200 OK in 43ms (Views: 27.1ms | ActiveRecord: 0.0ms | Allocations: 1488)


Started GET "/cats" for 127.0.0.1 at 2020-11-23 19:36:14 -0500
Processing by CatsController#index as HTML
  [1m[36mCat Load (9.3ms)[0m  [1m[34mSELECT "cats".* FROM "cats"[0m
  ↳ app/controllers/cats_controller.rb:4:in `index'
  [1m[36mColony Load (2.4ms)[0m  [1m[34mSELECT "colonies".* FROM "colonies" INNER JOIN "cats_colonies" ON "colonies"."id" = "cats_colonies"."colony_id" WHERE "cats_colonies"."cat_id" = $1[0m  [["cat_id", 1]]
  ↳ app/controllers/cats_controller.rb:4:in `index'
  [1m[36mColony Load (9.4ms)[0m  [1m[34mSELECT "colonies".* FROM "colonies" INNER JOIN "cats_colonies" ON "colonies"."id" = "cats_colonies"."colony_id" WHERE "cats_colonies"."cat_id" = $1[0m  [["cat_id", 2]]
  ↳ app/controllers/cats_controller.rb:4:in `index'
  [1m[36mColony Load (51.5ms)[0m  [1m[34mSELECT "colonies".* FROM "colonies" INNER JOIN "cats_colonies" ON "colonies"."id" = "cats_colonies"."colony_id" WHERE "cats_colonies"."cat_id" = $1[0m  [["cat_id", 3]]
  ↳ app/controllers/cats_controller.rb:4:in `index'
  [1m[36mColony Load (34.5ms)[0m  [1m[34mSELECT "colonies".* FROM "colonies" INNER JOIN "cats_colonies" ON "colonies"."id" = "cats_colonies"."colony_id" WHERE "cats_colonies"."cat_id" = $1[0m  [["cat_id", 4]]
  ↳ app/controllers/cats_controller.rb:4:in `index'
  [1m[36mColony Load (2.7ms)[0m  [1m[34mSELECT "colonies".* FROM "colonies" INNER JOIN "cats_colonies" ON "colonies"."id" = "cats_colonies"."colony_id" WHERE "cats_colonies"."cat_id" = $1[0m  [["cat_id", 5]]
  ↳ app/controllers/cats_controller.rb:4:in `index'
  [1m[36mColony Load (0.9ms)[0m  [1m[34mSELECT "colonies".* FROM "colonies" INNER JOIN "cats_colonies" ON "colonies"."id" = "cats_colonies"."colony_id" WHERE "cats_colonies"."cat_id" = $1[0m  [["cat_id", 6]]
  ↳ app/controllers/cats_controller.rb:4:in `index'
Completed 200 OK in 444ms (Views: 184.1ms | ActiveRecord: 233.0ms | Allocations: 23300)


Started GET "/cats/1" for 127.0.0.1 at 2020-11-23 19:36:18 -0500
Processing by CatsController#show as HTML
  Parameters: {"id"=>"1"}
  [1m[36mCat Load (0.5ms)[0m  [1m[34mSELECT "cats".* FROM "cats" WHERE "cats"."id" = $1 LIMIT $2[0m  [["id", 1], ["LIMIT", 1]]
  ↳ app/controllers/cats_controller.rb:8:in `show'
  [1m[36mColony Load (0.4ms)[0m  [1m[34mSELECT "colonies".* FROM "colonies" INNER JOIN "cats_colonies" ON "colonies"."id" = "cats_colonies"."colony_id" WHERE "cats_colonies"."cat_id" = $1[0m  [["cat_id", 1]]
  ↳ app/controllers/cats_controller.rb:9:in `show'
Completed 200 OK in 9ms (Views: 4.6ms | ActiveRecord: 0.9ms | Allocations: 2100)


Started GET "/colonies" for 127.0.0.1 at 2020-11-23 19:36:22 -0500
Processing by ColoniesController#index as HTML
  [1m[36mColony Load (35.7ms)[0m  [1m[34mSELECT "colonies".* FROM "colonies"[0m
  ↳ app/controllers/colonies_controller.rb:4:in `index'
Completed 200 OK in 43ms (Views: 7.0ms | ActiveRecord: 35.7ms | Allocations: 1488)


Started GET "/colonies/1" for 127.0.0.1 at 2020-11-23 19:36:24 -0500
Processing by ColoniesController#show as HTML
  Parameters: {"id"=>"1"}
  [1m[36mColony Load (28.6ms)[0m  [1m[34mSELECT "colonies".* FROM "colonies" WHERE "colonies"."id" = $1 LIMIT $2[0m  [["id", 1], ["LIMIT", 1]]
  ↳ app/controllers/colonies_controller.rb:8:in `show'
  [1m[36mCat Load (1.5ms)[0m  [1m[34mSELECT "cats".* FROM "cats" INNER JOIN "cats_colonies" ON "cats"."id" = "cats_colonies"."cat_id" WHERE "cats_colonies"."colony_id" = $1[0m  [["colony_id", 1]]
  ↳ app/controllers/colonies_controller.rb:9:in `show'
Completed 200 OK in 102ms (Views: 33.5ms | ActiveRecord: 30.1ms | Allocations: 2587)


